13:17:33:239  INFO 25340 --- [main] com.phn.mytakeout.MyTakeOutApplication   : Starting MyTakeOutApplication using Java 17.0.10 on Emperor with PID 25340 (E:\project_java\my-take-out\target\classes started by asus in E:\project_java\my-take-out)
13:17:33:240 DEBUG 25340 --- [main] com.phn.mytakeout.MyTakeOutApplication   : Running with Spring Boot v2.7.12, Spring v5.3.27
13:17:33:240  INFO 25340 --- [main] com.phn.mytakeout.MyTakeOutApplication   : The following 1 profile is active: "dev"
13:17:33:665  INFO 25340 --- [main] .s.d.r.c.RepositoryConfigurationDelegate : Multiple Spring Data modules found, entering strict repository configuration mode
13:17:33:666  INFO 25340 --- [main] .s.d.r.c.RepositoryConfigurationDelegate : Bootstrapping Spring Data Redis repositories in DEFAULT mode.
13:17:33:685  INFO 25340 --- [main] .s.d.r.c.RepositoryConfigurationDelegate : Finished Spring Data repository scanning in 6 ms. Found 0 Redis repository interfaces.
13:17:34:023  INFO 25340 --- [main] o.s.b.w.embedded.tomcat.TomcatWebServer  : Tomcat initialized with port(s): 8080 (http)
13:17:34:028  INFO 25340 --- [main] o.apache.catalina.core.StandardService   : Starting service [Tomcat]
13:17:34:028  INFO 25340 --- [main] org.apache.catalina.core.StandardEngine  : Starting Servlet engine: [Apache Tomcat/9.0.75]
13:17:34:093  INFO 25340 --- [main] o.a.c.c.C.[Tomcat].[localhost].[/]       : Initializing Spring embedded WebApplicationContext
13:17:34:094  INFO 25340 --- [main] w.s.c.ServletWebServerApplicationContext : Root WebApplicationContext: initialization completed in 829 ms
13:17:34:227  WARN 25340 --- [main] c.b.m.core.metadata.TableInfoHelper      : This primary key of "id" is primitive !不建议如此请使用包装类 in Class: "com.phn.mytakeout.domain.po.dish"
13:17:34:323  WARN 25340 --- [main] c.b.m.core.metadata.TableInfoHelper      : This primary key of "id" is primitive !不建议如此请使用包装类 in Class: "com.phn.mytakeout.domain.po.employee"
13:17:34:348  WARN 25340 --- [main] c.b.m.core.metadata.TableInfoHelper      : This primary key of "id" is primitive !不建议如此请使用包装类 in Class: "com.phn.mytakeout.domain.po.orders"
13:17:34:369  WARN 25340 --- [main] c.b.m.core.metadata.TableInfoHelper      : This primary key of "id" is primitive !不建议如此请使用包装类 in Class: "com.phn.mytakeout.domain.po.setmeal"
13:17:34:644  INFO 25340 --- [main] pertySourcedRequestMappingHandlerMapping : Mapped URL path [/v2/api-docs] onto method [springfox.documentation.swagger2.web.Swagger2ControllerWebMvc#getDocumentation(String, HttpServletRequest)]
13:17:34:841  INFO 25340 --- [main] o.s.b.w.embedded.tomcat.TomcatWebServer  : Tomcat started on port(s): 8080 (http) with context path ''
13:17:34:842  INFO 25340 --- [main] d.s.w.p.DocumentationPluginsBootstrapper : Documentation plugins bootstrapped
13:17:34:843  INFO 25340 --- [main] d.s.w.p.DocumentationPluginsBootstrapper : Found 1 custom documentation plugin(s)
13:17:34:854  INFO 25340 --- [main] s.d.s.w.s.ApiListingReferenceScanner     : Scanning for api listing references
13:17:34:864  INFO 25340 --- [main] com.phn.mytakeout.MyTakeOutApplication   : Started MyTakeOutApplication in 1.848 seconds (JVM running for 2.148)
13:23:13:207  INFO 29620 --- [main] com.phn.mytakeout.MyTakeOutApplication   : Starting MyTakeOutApplication using Java 17.0.10 on Emperor with PID 29620 (E:\project_java\my-take-out\target\classes started by asus in E:\project_java\my-take-out)
13:23:13:209 DEBUG 29620 --- [main] com.phn.mytakeout.MyTakeOutApplication   : Running with Spring Boot v2.7.12, Spring v5.3.27
13:23:13:209  INFO 29620 --- [main] com.phn.mytakeout.MyTakeOutApplication   : The following 1 profile is active: "dev"
13:23:13:602  INFO 29620 --- [main] .s.d.r.c.RepositoryConfigurationDelegate : Multiple Spring Data modules found, entering strict repository configuration mode
13:23:13:603  INFO 29620 --- [main] .s.d.r.c.RepositoryConfigurationDelegate : Bootstrapping Spring Data Redis repositories in DEFAULT mode.
13:23:13:616  INFO 29620 --- [main] .s.d.r.c.RepositoryConfigurationDelegate : Finished Spring Data repository scanning in 5 ms. Found 0 Redis repository interfaces.
13:23:13:949  INFO 29620 --- [main] o.s.b.w.embedded.tomcat.TomcatWebServer  : Tomcat initialized with port(s): 8080 (http)
13:23:13:954  INFO 29620 --- [main] o.apache.catalina.core.StandardService   : Starting service [Tomcat]
13:23:13:954  INFO 29620 --- [main] org.apache.catalina.core.StandardEngine  : Starting Servlet engine: [Apache Tomcat/9.0.75]
13:23:14:017  INFO 29620 --- [main] o.a.c.c.C.[Tomcat].[localhost].[/]       : Initializing Spring embedded WebApplicationContext
13:23:14:018  INFO 29620 --- [main] w.s.c.ServletWebServerApplicationContext : Root WebApplicationContext: initialization completed in 783 ms
13:23:14:140  WARN 29620 --- [main] c.b.m.core.metadata.TableInfoHelper      : This primary key of "id" is primitive !不建议如此请使用包装类 in Class: "com.phn.mytakeout.domain.po.dish"
13:23:14:226  WARN 29620 --- [main] c.b.m.core.metadata.TableInfoHelper      : This primary key of "id" is primitive !不建议如此请使用包装类 in Class: "com.phn.mytakeout.domain.po.employee"
13:23:14:249  WARN 29620 --- [main] c.b.m.core.metadata.TableInfoHelper      : This primary key of "id" is primitive !不建议如此请使用包装类 in Class: "com.phn.mytakeout.domain.po.orders"
13:23:14:268  WARN 29620 --- [main] c.b.m.core.metadata.TableInfoHelper      : This primary key of "id" is primitive !不建议如此请使用包装类 in Class: "com.phn.mytakeout.domain.po.setmeal"
13:23:14:523  INFO 29620 --- [main] pertySourcedRequestMappingHandlerMapping : Mapped URL path [/v2/api-docs] onto method [springfox.documentation.swagger2.web.Swagger2ControllerWebMvc#getDocumentation(String, HttpServletRequest)]
13:23:14:719  INFO 29620 --- [main] o.s.b.w.embedded.tomcat.TomcatWebServer  : Tomcat started on port(s): 8080 (http) with context path ''
13:23:14:720  INFO 29620 --- [main] d.s.w.p.DocumentationPluginsBootstrapper : Documentation plugins bootstrapped
13:23:14:721  INFO 29620 --- [main] d.s.w.p.DocumentationPluginsBootstrapper : Found 1 custom documentation plugin(s)
13:23:14:733  INFO 29620 --- [main] s.d.s.w.s.ApiListingReferenceScanner     : Scanning for api listing references
13:23:14:743  INFO 29620 --- [main] com.phn.mytakeout.MyTakeOutApplication   : Started MyTakeOutApplication in 1.755 seconds (JVM running for 2.06)
